{"F:\\club系统\\club\\models\\index.js":{"path":"F:\\club系统\\club\\models\\index.js","s":{"1":1,"2":1,"3":1,"4":1,"5":1,"6":1,"7":1,"8":1,"9":1,"10":1,"11":0,"12":1,"13":1,"14":0,"15":1,"16":1,"17":1,"18":1,"19":1,"20":1,"21":167,"22":167},"b":{"1":[0,1],"2":[0,1]},"f":{"1":167},"fnMap":{"1":{"name":"(anonymous_1)","line":32,"loc":{"start":{"line":32,"column":17},"end":{"line":32,"column":33}}}},"statementMap":{"1":{"start":{"line":1,"column":0},"end":{"line":1,"column":60}},"2":{"start":{"line":2,"column":0},"end":{"line":2,"column":37}},"3":{"start":{"line":3,"column":0},"end":{"line":3,"column":39}},"4":{"start":{"line":4,"column":0},"end":{"line":4,"column":39}},"5":{"start":{"line":5,"column":0},"end":{"line":5,"column":43}},"6":{"start":{"line":6,"column":0},"end":{"line":6,"column":43}},"7":{"start":{"line":7,"column":0},"end":{"line":7,"column":36}},"8":{"start":{"line":10,"column":0},"end":{"line":10,"column":45}},"9":{"start":{"line":12,"column":0},"end":{"line":12,"column":76}},"10":{"start":{"line":13,"column":0},"end":{"line":15,"column":1}},"11":{"start":{"line":14,"column":2},"end":{"line":14,"column":120}},"12":{"start":{"line":16,"column":0},"end":{"line":23,"column":3}},"13":{"start":{"line":20,"column":2},"end":{"line":22,"column":3}},"14":{"start":{"line":21,"column":4},"end":{"line":21,"column":23}},"15":{"start":{"line":26,"column":0},"end":{"line":26,"column":35}},"16":{"start":{"line":27,"column":0},"end":{"line":27,"column":37}},"17":{"start":{"line":28,"column":0},"end":{"line":28,"column":37}},"18":{"start":{"line":29,"column":0},"end":{"line":29,"column":41}},"19":{"start":{"line":30,"column":0},"end":{"line":30,"column":41}},"20":{"start":{"line":32,"column":0},"end":{"line":35,"column":1}},"21":{"start":{"line":33,"column":2},"end":{"line":33,"column":28}},"22":{"start":{"line":34,"column":2},"end":{"line":34,"column":30}}},"branchMap":{"1":{"line":13,"type":"if","locations":[{"start":{"line":13,"column":0},"end":{"line":13,"column":0}},{"start":{"line":13,"column":0},"end":{"line":13,"column":0}}]},"2":{"line":20,"type":"if","locations":[{"start":{"line":20,"column":2},"end":{"line":20,"column":2}},{"start":{"line":20,"column":2},"end":{"line":20,"column":2}}]}}},"F:\\club系统\\club\\config.js":{"path":"F:\\club系统\\club\\config.js","s":{"1":1,"2":1,"3":1},"b":{},"f":{},"fnMap":{},"statementMap":{"1":{"start":{"line":5,"column":0},"end":{"line":5,"column":29}},"2":{"start":{"line":7,"column":0},"end":{"line":68,"column":1}},"3":{"start":{"line":70,"column":0},"end":{"line":70,"column":24}}},"branchMap":{}},"F:\\club系统\\club\\models\\reply.js":{"path":"F:\\club系统\\club\\models\\reply.js","s":{"1":1,"2":1,"3":1,"4":1,"5":1,"6":1,"7":1,"8":1,"9":1},"b":{},"f":{},"fnMap":{},"statementMap":{"1":{"start":{"line":1,"column":0},"end":{"line":1,"column":37}},"2":{"start":{"line":2,"column":0},"end":{"line":2,"column":31}},"3":{"start":{"line":3,"column":0},"end":{"line":3,"column":33}},"4":{"start":{"line":4,"column":0},"end":{"line":4,"column":39}},"5":{"start":{"line":6,"column":0},"end":{"line":31,"column":3}},"6":{"start":{"line":33,"column":0},"end":{"line":35,"column":3}},"7":{"start":{"line":36,"column":0},"end":{"line":39,"column":3}},"8":{"start":{"line":41,"column":0},"end":{"line":41,"column":57}},"9":{"start":{"line":43,"column":0},"end":{"line":43,"column":29}}},"branchMap":{}},"F:\\club系统\\club\\models\\message.js":{"path":"F:\\club系统\\club\\models\\message.js","s":{"1":1,"2":1,"3":1,"4":1,"5":1,"6":1,"7":1},"b":{},"f":{},"fnMap":{},"statementMap":{"1":{"start":{"line":1,"column":0},"end":{"line":1,"column":37}},"2":{"start":{"line":2,"column":0},"end":{"line":2,"column":31}},"3":{"start":{"line":3,"column":0},"end":{"line":3,"column":33}},"4":{"start":{"line":5,"column":0},"end":{"line":35,"column":3}},"5":{"start":{"line":37,"column":0},"end":{"line":39,"column":3}},"6":{"start":{"line":40,"column":0},"end":{"line":43,"column":3}},"7":{"start":{"line":46,"column":0},"end":{"line":46,"column":31}}},"branchMap":{}},"F:\\club系统\\club\\models\\collect.js":{"path":"F:\\club系统\\club\\models\\collect.js","s":{"1":1,"2":1,"3":1,"4":1,"5":1,"6":1,"7":1,"8":1,"9":1},"b":{},"f":{},"fnMap":{},"statementMap":{"1":{"start":{"line":1,"column":0},"end":{"line":1,"column":37}},"2":{"start":{"line":2,"column":0},"end":{"line":2,"column":31}},"3":{"start":{"line":3,"column":0},"end":{"line":3,"column":33}},"4":{"start":{"line":4,"column":0},"end":{"line":4,"column":39}},"5":{"start":{"line":6,"column":0},"end":{"line":28,"column":3}},"6":{"start":{"line":30,"column":0},"end":{"line":32,"column":3}},"7":{"start":{"line":33,"column":0},"end":{"line":36,"column":3}},"8":{"start":{"line":38,"column":0},"end":{"line":38,"column":61}},"9":{"start":{"line":40,"column":0},"end":{"line":40,"column":31}}},"branchMap":{}},"F:\\club系统\\club\\common\\upload.js":{"path":"F:\\club系统\\club\\common\\upload.js","s":{"1":1,"2":1,"3":1,"4":1,"5":1,"6":0,"7":0,"8":0,"9":0,"10":0,"11":0,"12":0,"13":0,"14":0,"15":0,"16":0,"17":0,"18":0,"19":0,"20":0,"21":0,"22":0,"23":0,"24":0,"25":0,"26":0,"27":0,"28":0,"29":0,"30":0,"31":0,"32":0,"33":0,"34":0,"35":0,"36":0,"37":0,"38":0,"39":0,"40":0,"41":0,"42":0,"43":0,"44":0,"45":0,"46":1,"47":0,"48":0,"49":1,"50":0,"51":0},"b":{"1":[0,0],"2":[0,0],"3":[0,0],"4":[0,0],"5":[0,0],"6":[0,0],"7":[0,0],"8":[0,0,0]},"f":{"1":0,"2":0,"3":0,"4":0},"fnMap":{"1":{"name":"(anonymous_1)","line":11,"loc":{"start":{"line":11,"column":17},"end":{"line":11,"column":48}}},"2":{"name":"(anonymous_2)","line":51,"loc":{"start":{"line":51,"column":29},"end":{"line":51,"column":41}}},"3":{"name":"done","line":83,"loc":{"start":{"line":83,"column":4},"end":{"line":83,"column":20}}},"4":{"name":"getFilename","line":89,"loc":{"start":{"line":89,"column":4},"end":{"line":89,"column":46}}}},"statementMap":{"1":{"start":{"line":5,"column":0},"end":{"line":5,"column":33}},"2":{"start":{"line":6,"column":0},"end":{"line":6,"column":36}},"3":{"start":{"line":7,"column":0},"end":{"line":7,"column":37}},"4":{"start":{"line":8,"column":0},"end":{"line":8,"column":29}},"5":{"start":{"line":11,"column":0},"end":{"line":95,"column":1}},"6":{"start":{"line":12,"column":2},"end":{"line":14,"column":3}},"7":{"start":{"line":13,"column":4},"end":{"line":13,"column":39}},"8":{"start":{"line":15,"column":2},"end":{"line":18,"column":3}},"9":{"start":{"line":16,"column":4},"end":{"line":16,"column":20}},"10":{"start":{"line":17,"column":4},"end":{"line":17,"column":17}},"11":{"start":{"line":20,"column":2},"end":{"line":20,"column":32}},"12":{"start":{"line":21,"column":2},"end":{"line":23,"column":3}},"13":{"start":{"line":24,"column":2},"end":{"line":24,"column":37}},"14":{"start":{"line":26,"column":2},"end":{"line":94,"column":4}},"15":{"start":{"line":27,"column":4},"end":{"line":27,"column":25}},"16":{"start":{"line":28,"column":4},"end":{"line":28,"column":25}},"17":{"start":{"line":29,"column":4},"end":{"line":29,"column":24}},"18":{"start":{"line":30,"column":4},"end":{"line":30,"column":26}},"19":{"start":{"line":31,"column":4},"end":{"line":31,"column":20}},"20":{"start":{"line":32,"column":4},"end":{"line":35,"column":6}},"21":{"start":{"line":33,"column":6},"end":{"line":33,"column":22}},"22":{"start":{"line":34,"column":6},"end":{"line":34,"column":13}},"23":{"start":{"line":37,"column":4},"end":{"line":79,"column":6}},"24":{"start":{"line":39,"column":6},"end":{"line":43,"column":7}},"25":{"start":{"line":40,"column":8},"end":{"line":40,"column":24}},"26":{"start":{"line":41,"column":8},"end":{"line":41,"column":44}},"27":{"start":{"line":42,"column":8},"end":{"line":42,"column":21}},"28":{"start":{"line":45,"column":6},"end":{"line":49,"column":7}},"29":{"start":{"line":46,"column":8},"end":{"line":46,"column":25}},"30":{"start":{"line":47,"column":8},"end":{"line":47,"column":28}},"31":{"start":{"line":48,"column":8},"end":{"line":48,"column":21}},"32":{"start":{"line":51,"column":6},"end":{"line":54,"column":9}},"33":{"start":{"line":52,"column":8},"end":{"line":52,"column":23}},"34":{"start":{"line":53,"column":8},"end":{"line":53,"column":46}},"35":{"start":{"line":56,"column":6},"end":{"line":78,"column":9}},"36":{"start":{"line":59,"column":8},"end":{"line":62,"column":9}},"37":{"start":{"line":60,"column":10},"end":{"line":60,"column":25}},"38":{"start":{"line":61,"column":10},"end":{"line":61,"column":29}},"39":{"start":{"line":63,"column":8},"end":{"line":67,"column":9}},"40":{"start":{"line":65,"column":10},"end":{"line":65,"column":47}},"41":{"start":{"line":66,"column":10},"end":{"line":66,"column":23}},"42":{"start":{"line":68,"column":8},"end":{"line":74,"column":9}},"43":{"start":{"line":76,"column":8},"end":{"line":76,"column":24}},"44":{"start":{"line":77,"column":8},"end":{"line":77,"column":15}},"45":{"start":{"line":81,"column":4},"end":{"line":81,"column":21}},"46":{"start":{"line":83,"column":4},"end":{"line":87,"column":5}},"47":{"start":{"line":84,"column":6},"end":{"line":86,"column":7}},"48":{"start":{"line":85,"column":8},"end":{"line":85,"column":22}},"49":{"start":{"line":89,"column":4},"end":{"line":92,"column":5}},"50":{"start":{"line":90,"column":6},"end":{"line":90,"column":43}},"51":{"start":{"line":91,"column":6},"end":{"line":91,"column":52}}},"branchMap":{"1":{"line":12,"type":"if","locations":[{"start":{"line":12,"column":2},"end":{"line":12,"column":2}},{"start":{"line":12,"column":2},"end":{"line":12,"column":2}}]},"2":{"line":15,"type":"if","locations":[{"start":{"line":15,"column":2},"end":{"line":15,"column":2}},{"start":{"line":15,"column":2},"end":{"line":15,"column":2}}]},"3":{"line":39,"type":"if","locations":[{"start":{"line":39,"column":6},"end":{"line":39,"column":6}},{"start":{"line":39,"column":6},"end":{"line":39,"column":6}}]},"4":{"line":45,"type":"if","locations":[{"start":{"line":45,"column":6},"end":{"line":45,"column":6}},{"start":{"line":45,"column":6},"end":{"line":45,"column":6}}]},"5":{"line":59,"type":"if","locations":[{"start":{"line":59,"column":8},"end":{"line":59,"column":8}},{"start":{"line":59,"column":8},"end":{"line":59,"column":8}}]},"6":{"line":63,"type":"if","locations":[{"start":{"line":63,"column":8},"end":{"line":63,"column":8}},{"start":{"line":63,"column":8},"end":{"line":63,"column":8}}]},"7":{"line":84,"type":"if","locations":[{"start":{"line":84,"column":6},"end":{"line":84,"column":6}},{"start":{"line":84,"column":6},"end":{"line":84,"column":6}}]},"8":{"line":84,"type":"binary-expr","locations":[{"start":{"line":84,"column":10},"end":{"line":84,"column":18}},{"start":{"line":84,"column":23},"end":{"line":84,"column":31}},{"start":{"line":84,"column":35},"end":{"line":84,"column":44}}]}}},"F:\\club系统\\club\\common\\storage.js":{"path":"F:\\club系统\\club\\common\\storage.js","s":{"1":1,"2":1,"3":1,"4":1,"5":1,"6":1,"7":1,"8":0,"9":1,"10":1,"11":0,"12":1,"13":0,"14":0,"15":0,"16":0,"17":0,"18":0,"19":1},"b":{"1":[0,1],"2":[1,0],"3":[0,1]},"f":{"1":1,"2":0,"3":0,"4":0},"fnMap":{"1":{"name":"(anonymous_1)","line":13,"loc":{"start":{"line":13,"column":29},"end":{"line":13,"column":44}}},"2":{"name":"(anonymous_2)","line":19,"loc":{"start":{"line":19,"column":10},"end":{"line":19,"column":32}}},"3":{"name":"(anonymous_3)","line":22,"loc":{"start":{"line":22,"column":23},"end":{"line":22,"column":35}}},"4":{"name":"(anonymous_4)","line":30,"loc":{"start":{"line":30,"column":10},"end":{"line":30,"column":25}}}},"statementMap":{"1":{"start":{"line":1,"column":0},"end":{"line":1,"column":25}},"2":{"start":{"line":2,"column":0},"end":{"line":2,"column":36}},"3":{"start":{"line":3,"column":0},"end":{"line":3,"column":25}},"4":{"start":{"line":4,"column":0},"end":{"line":4,"column":29}},"5":{"start":{"line":5,"column":0},"end":{"line":5,"column":33}},"6":{"start":{"line":7,"column":0},"end":{"line":7,"column":12}},"7":{"start":{"line":9,"column":0},"end":{"line":35,"column":1}},"8":{"start":{"line":10,"column":2},"end":{"line":10,"column":36}},"9":{"start":{"line":13,"column":2},"end":{"line":16,"column":5}},"10":{"start":{"line":14,"column":4},"end":{"line":15,"column":37}},"11":{"start":{"line":15,"column":6},"end":{"line":15,"column":37}},"12":{"start":{"line":18,"column":2},"end":{"line":34,"column":3}},"13":{"start":{"line":20,"column":6},"end":{"line":20,"column":64}},"14":{"start":{"line":22,"column":6},"end":{"line":27,"column":8}},"15":{"start":{"line":23,"column":8},"end":{"line":26,"column":11}},"16":{"start":{"line":28,"column":6},"end":{"line":28,"column":50}},"17":{"start":{"line":31,"column":6},"end":{"line":31,"column":61}},"18":{"start":{"line":32,"column":6},"end":{"line":32,"column":30}},"19":{"start":{"line":37,"column":0},"end":{"line":37,"column":25}}},"branchMap":{"1":{"line":9,"type":"if","locations":[{"start":{"line":9,"column":0},"end":{"line":9,"column":0}},{"start":{"line":9,"column":0},"end":{"line":9,"column":0}}]},"2":{"line":9,"type":"binary-expr","locations":[{"start":{"line":9,"column":4},"end":{"line":9,"column":26}},{"start":{"line":9,"column":30},"end":{"line":9,"column":73}}]},"3":{"line":14,"type":"if","locations":[{"start":{"line":14,"column":4},"end":{"line":14,"column":4}},{"start":{"line":14,"column":4},"end":{"line":14,"column":4}}]}}},"F:\\club系统\\club\\common\\tools.js":{"path":"F:\\club系统\\club\\common\\tools.js","s":{"1":1,"2":1,"3":0,"4":0,"5":0,"6":0,"7":0,"8":0,"9":0,"10":0,"11":0,"12":1,"13":11,"14":11,"15":27,"16":24,"17":11,"18":1,"19":102,"20":0,"21":102,"22":102,"23":102,"24":3,"25":99,"26":0,"27":99,"28":0,"29":99,"30":99,"31":0,"32":0,"33":0},"b":{"1":[0,0],"2":[0,0],"3":[0,0],"4":[24,3],"5":[0,102],"6":[3,99],"7":[0,99],"8":[0,99],"9":[99,0],"10":[0,0]},"f":{"1":0,"2":11,"3":102},"fnMap":{"1":{"name":"(anonymous_1)","line":13,"loc":{"start":{"line":13,"column":27},"end":{"line":13,"column":55}}},"2":{"name":"(anonymous_2)","line":29,"loc":{"start":{"line":29,"column":26},"end":{"line":29,"column":41}}},"3":{"name":"(anonymous_3)","line":44,"loc":{"start":{"line":44,"column":21},"end":{"line":44,"column":37}}}},"statementMap":{"1":{"start":{"line":5,"column":0},"end":{"line":5,"column":39}},"2":{"start":{"line":13,"column":0},"end":{"line":26,"column":1}},"3":{"start":{"line":14,"column":2},"end":{"line":14,"column":16}},"4":{"start":{"line":15,"column":2},"end":{"line":15,"column":15}},"5":{"start":{"line":16,"column":2},"end":{"line":24,"column":3}},"6":{"start":{"line":17,"column":4},"end":{"line":23,"column":5}},"7":{"start":{"line":18,"column":6},"end":{"line":18,"column":18}},"8":{"start":{"line":19,"column":6},"end":{"line":19,"column":35}},"9":{"start":{"line":20,"column":6},"end":{"line":22,"column":7}},"10":{"start":{"line":21,"column":8},"end":{"line":21,"column":14}},"11":{"start":{"line":25,"column":2},"end":{"line":25,"column":13}},"12":{"start":{"line":29,"column":0},"end":{"line":37,"column":1}},"13":{"start":{"line":30,"column":2},"end":{"line":30,"column":16}},"14":{"start":{"line":31,"column":2},"end":{"line":35,"column":3}},"15":{"start":{"line":32,"column":4},"end":{"line":34,"column":5}},"16":{"start":{"line":33,"column":6},"end":{"line":33,"column":39}},"17":{"start":{"line":36,"column":2},"end":{"line":36,"column":14}},"18":{"start":{"line":44,"column":0},"end":{"line":66,"column":1}},"19":{"start":{"line":45,"column":2},"end":{"line":47,"column":3}},"20":{"start":{"line":46,"column":4},"end":{"line":46,"column":26}},"21":{"start":{"line":48,"column":2},"end":{"line":48,"column":56}},"22":{"start":{"line":49,"column":2},"end":{"line":49,"column":15}},"23":{"start":{"line":50,"column":2},"end":{"line":52,"column":3}},"24":{"start":{"line":51,"column":4},"end":{"line":51,"column":28}},"25":{"start":{"line":53,"column":2},"end":{"line":55,"column":3}},"26":{"start":{"line":54,"column":4},"end":{"line":54,"column":37}},"27":{"start":{"line":56,"column":2},"end":{"line":58,"column":3}},"28":{"start":{"line":57,"column":4},"end":{"line":57,"column":37}},"29":{"start":{"line":59,"column":2},"end":{"line":61,"column":3}},"30":{"start":{"line":60,"column":4},"end":{"line":60,"column":36}},"31":{"start":{"line":62,"column":2},"end":{"line":64,"column":3}},"32":{"start":{"line":63,"column":4},"end":{"line":63,"column":36}},"33":{"start":{"line":65,"column":2},"end":{"line":65,"column":39}}},"branchMap":{"1":{"line":17,"type":"if","locations":[{"start":{"line":17,"column":4},"end":{"line":17,"column":4}},{"start":{"line":17,"column":4},"end":{"line":17,"column":4}}]},"2":{"line":20,"type":"if","locations":[{"start":{"line":20,"column":6},"end":{"line":20,"column":6}},{"start":{"line":20,"column":6},"end":{"line":20,"column":6}}]},"3":{"line":20,"type":"binary-expr","locations":[{"start":{"line":20,"column":10},"end":{"line":20,"column":15}},{"start":{"line":20,"column":19},"end":{"line":20,"column":38}}]},"4":{"line":32,"type":"if","locations":[{"start":{"line":32,"column":4},"end":{"line":32,"column":4}},{"start":{"line":32,"column":4},"end":{"line":32,"column":4}}]},"5":{"line":45,"type":"if","locations":[{"start":{"line":45,"column":2},"end":{"line":45,"column":2}},{"start":{"line":45,"column":2},"end":{"line":45,"column":2}}]},"6":{"line":50,"type":"if","locations":[{"start":{"line":50,"column":2},"end":{"line":50,"column":2}},{"start":{"line":50,"column":2},"end":{"line":50,"column":2}}]},"7":{"line":53,"type":"if","locations":[{"start":{"line":53,"column":2},"end":{"line":53,"column":2}},{"start":{"line":53,"column":2},"end":{"line":53,"column":2}}]},"8":{"line":56,"type":"if","locations":[{"start":{"line":56,"column":2},"end":{"line":56,"column":2}},{"start":{"line":56,"column":2},"end":{"line":56,"column":2}}]},"9":{"line":59,"type":"if","locations":[{"start":{"line":59,"column":2},"end":{"line":59,"column":2}},{"start":{"line":59,"column":2},"end":{"line":59,"column":2}}]},"10":{"line":62,"type":"if","locations":[{"start":{"line":62,"column":2},"end":{"line":62,"column":2}},{"start":{"line":62,"column":2},"end":{"line":62,"column":2}}]}}}}