TN:
SF:F:\club系统\club\models\index.js
FN:32,(anonymous_1)
FNF:1
FNH:1
FNDA:167,(anonymous_1)
DA:1,1
DA:2,1
DA:3,1
DA:4,1
DA:5,1
DA:6,1
DA:7,1
DA:10,1
DA:12,1
DA:13,1
DA:14,0
DA:16,1
DA:20,1
DA:21,0
DA:26,1
DA:27,1
DA:28,1
DA:29,1
DA:30,1
DA:32,1
DA:33,167
DA:34,167
LF:22
LH:20
BRDA:13,1,0,0
BRDA:13,1,1,1
BRDA:20,2,0,0
BRDA:20,2,1,1
BRF:4
BRH:2
end_of_record
TN:
SF:F:\club系统\club\config.js
FNF:0
FNH:0
DA:5,1
DA:7,1
DA:70,1
LF:3
LH:3
BRF:0
BRH:0
end_of_record
TN:
SF:F:\club系统\club\models\reply.js
FNF:0
FNH:0
DA:1,1
DA:2,1
DA:3,1
DA:4,1
DA:6,1
DA:33,1
DA:36,1
DA:41,1
DA:43,1
LF:9
LH:9
BRF:0
BRH:0
end_of_record
TN:
SF:F:\club系统\club\models\message.js
FNF:0
FNH:0
DA:1,1
DA:2,1
DA:3,1
DA:5,1
DA:37,1
DA:40,1
DA:46,1
LF:7
LH:7
BRF:0
BRH:0
end_of_record
TN:
SF:F:\club系统\club\models\collect.js
FNF:0
FNH:0
DA:1,1
DA:2,1
DA:3,1
DA:4,1
DA:6,1
DA:30,1
DA:33,1
DA:38,1
DA:40,1
LF:9
LH:9
BRF:0
BRH:0
end_of_record
TN:
SF:F:\club系统\club\common\upload.js
FN:11,(anonymous_1)
FN:51,(anonymous_2)
FN:83,done
FN:89,getFilename
FNF:4
FNH:0
FNDA:0,(anonymous_1)
FNDA:0,(anonymous_2)
FNDA:0,done
FNDA:0,getFilename
DA:5,1
DA:6,1
DA:7,1
DA:8,1
DA:11,1
DA:12,0
DA:13,0
DA:15,0
DA:16,0
DA:17,0
DA:20,0
DA:21,0
DA:24,0
DA:26,0
DA:27,0
DA:28,0
DA:29,0
DA:30,0
DA:31,0
DA:32,0
DA:33,0
DA:34,0
DA:37,0
DA:39,0
DA:40,0
DA:41,0
DA:42,0
DA:45,0
DA:46,0
DA:47,0
DA:48,0
DA:51,0
DA:52,0
DA:53,0
DA:56,0
DA:59,0
DA:60,0
DA:61,0
DA:63,0
DA:65,0
DA:66,0
DA:68,0
DA:76,0
DA:77,0
DA:81,0
DA:83,1
DA:84,0
DA:85,0
DA:89,1
DA:90,0
DA:91,0
LF:51
LH:7
BRDA:12,1,0,0
BRDA:12,1,1,0
BRDA:15,2,0,0
BRDA:15,2,1,0
BRDA:39,3,0,0
BRDA:39,3,1,0
BRDA:45,4,0,0
BRDA:45,4,1,0
BRDA:59,5,0,0
BRDA:59,5,1,0
BRDA:63,6,0,0
BRDA:63,6,1,0
BRDA:84,7,0,0
BRDA:84,7,1,0
BRDA:84,8,0,0
BRDA:84,8,1,0
BRDA:84,8,2,0
BRF:17
BRH:0
end_of_record
TN:
SF:F:\club系统\club\common\storage.js
FN:13,(anonymous_1)
FN:19,(anonymous_2)
FN:22,(anonymous_3)
FN:30,(anonymous_4)
FNF:4
FNH:1
FNDA:1,(anonymous_1)
FNDA:0,(anonymous_2)
FNDA:0,(anonymous_3)
FNDA:0,(anonymous_4)
DA:1,1
DA:2,1
DA:3,1
DA:4,1
DA:5,1
DA:7,1
DA:9,1
DA:10,0
DA:13,1
DA:14,1
DA:15,0
DA:18,1
DA:20,0
DA:22,0
DA:23,0
DA:28,0
DA:31,0
DA:32,0
DA:37,1
LF:19
LH:11
BRDA:9,1,0,0
BRDA:9,1,1,1
BRDA:9,2,0,1
BRDA:9,2,1,0
BRDA:14,3,0,0
BRDA:14,3,1,1
BRF:6
BRH:3
end_of_record
TN:
SF:F:\club系统\club\common\tools.js
FN:13,(anonymous_1)
FN:29,(anonymous_2)
FN:44,(anonymous_3)
FNF:3
FNH:2
FNDA:0,(anonymous_1)
FNDA:11,(anonymous_2)
FNDA:102,(anonymous_3)
DA:5,1
DA:13,1
DA:14,0
DA:15,0
DA:16,0
DA:17,0
DA:18,0
DA:19,0
DA:20,0
DA:21,0
DA:25,0
DA:29,1
DA:30,11
DA:31,11
DA:32,27
DA:33,24
DA:36,11
DA:44,1
DA:45,102
DA:46,0
DA:48,102
DA:49,102
DA:50,102
DA:51,3
DA:53,99
DA:54,0
DA:56,99
DA:57,0
DA:59,99
DA:60,99
DA:62,0
DA:63,0
DA:65,0
LF:33
LH:18
BRDA:17,1,0,0
BRDA:17,1,1,0
BRDA:20,2,0,0
BRDA:20,2,1,0
BRDA:20,3,0,0
BRDA:20,3,1,0
BRDA:32,4,0,24
BRDA:32,4,1,3
BRDA:45,5,0,0
BRDA:45,5,1,102
BRDA:50,6,0,3
BRDA:50,6,1,99
BRDA:53,7,0,0
BRDA:53,7,1,99
BRDA:56,8,0,0
BRDA:56,8,1,99
BRDA:59,9,0,99
BRDA:59,9,1,0
BRDA:62,10,0,0
BRDA:62,10,1,0
BRF:20
BRH:8
end_of_record
